2022-07-28 18:08:50.600 [main] INFO  Team3.JavaMiniProject.ACMEappMain - Starting database, checking if tables will be created.
2022-07-28 18:08:51.217 [main] INFO  Team3.JavaMiniProject.ACMEappMain - Delete tables executed as expected.
2022-07-28 18:08:51.225 [main] INFO  Team3.JavaMiniProject.ACMEappMain - Delete tables executed as expected.
2022-07-28 18:08:51.226 [main] INFO  Team3.JavaMiniProject.ACMEappMain - Delete tables executed as expected.
2022-07-28 18:08:51.226 [main] INFO  Team3.JavaMiniProject.ACMEappMain - Delete tables executed as expected.
2022-07-28 18:08:51.226 [main] INFO  Team3.JavaMiniProject.ACMEappMain - Initialize tables executed as expected.
2022-07-28 18:08:51.227 [main] INFO  Team3.JavaMiniProject.ACMEappMain - Initialize tables executed as expected.
2022-07-28 18:08:51.227 [main] INFO  Team3.JavaMiniProject.ACMEappMain - Initialize tables executed as expected.
2022-07-28 18:08:51.227 [main] INFO  Team3.JavaMiniProject.ACMEappMain - Initialize tables executed as expected.
2022-07-28 18:11:01.171 [main] INFO  Team3.JavaMiniProject.ACMEappMain - Starting database, checking if tables will be created.
2022-07-28 18:11:01.703 [main] INFO  Team3.JavaMiniProject.ACMEappMain - Delete tables executed as expected.
2022-07-28 18:11:01.712 [main] INFO  Team3.JavaMiniProject.ACMEappMain - Delete tables executed as expected.
2022-07-28 18:11:01.712 [main] INFO  Team3.JavaMiniProject.ACMEappMain - Delete tables executed as expected.
2022-07-28 18:11:01.712 [main] INFO  Team3.JavaMiniProject.ACMEappMain - Delete tables executed as expected.
2022-07-28 18:11:01.713 [main] INFO  Team3.JavaMiniProject.ACMEappMain - Initialize tables executed as expected.
2022-07-28 18:11:01.713 [main] INFO  Team3.JavaMiniProject.ACMEappMain - Initialize tables executed as expected.
2022-07-28 18:11:01.713 [main] INFO  Team3.JavaMiniProject.ACMEappMain - Initialize tables executed as expected.
2022-07-28 18:11:01.713 [main] INFO  Team3.JavaMiniProject.ACMEappMain - Initialize tables executed as expected.
2022-07-28 18:17:51.759 [main] INFO  Team3.JavaMiniProject.ACMEappMain - Starting database, checking if tables will be created.
2022-07-28 18:17:52.221 [main] INFO  Team3.JavaMiniProject.ACMEappMain - Delete tables executed as expected.
2022-07-28 18:17:52.227 [main] INFO  Team3.JavaMiniProject.ACMEappMain - Delete tables executed as expected.
2022-07-28 18:17:52.227 [main] INFO  Team3.JavaMiniProject.ACMEappMain - Delete tables executed as expected.
2022-07-28 18:17:52.227 [main] INFO  Team3.JavaMiniProject.ACMEappMain - Delete tables executed as expected.
2022-07-28 18:17:52.228 [main] INFO  Team3.JavaMiniProject.ACMEappMain - Initialize tables executed as expected.
2022-07-28 18:17:52.228 [main] INFO  Team3.JavaMiniProject.ACMEappMain - Initialize tables executed as expected.
2022-07-28 18:17:52.228 [main] INFO  Team3.JavaMiniProject.ACMEappMain - Initialize tables executed as expected.
2022-07-28 18:17:52.228 [main] INFO  Team3.JavaMiniProject.ACMEappMain - Initialize tables executed as expected.
2022-07-28 18:18:47.343 [main] INFO  Team3.JavaMiniProject.ACMEappMain - Starting database, checking if tables will be created.
2022-07-28 18:18:47.768 [main] INFO  Team3.JavaMiniProject.ACMEappMain - Delete tables executed as expected.
2022-07-28 18:18:47.773 [main] INFO  Team3.JavaMiniProject.ACMEappMain - Delete tables executed as expected.
2022-07-28 18:18:47.774 [main] INFO  Team3.JavaMiniProject.ACMEappMain - Delete tables executed as expected.
2022-07-28 18:18:47.774 [main] INFO  Team3.JavaMiniProject.ACMEappMain - Delete tables executed as expected.
2022-07-28 18:18:47.774 [main] INFO  Team3.JavaMiniProject.ACMEappMain - Initialize tables executed as expected.
2022-07-28 18:18:47.775 [main] INFO  Team3.JavaMiniProject.ACMEappMain - Initialize tables executed as expected.
2022-07-28 18:18:47.775 [main] INFO  Team3.JavaMiniProject.ACMEappMain - Initialize tables executed as expected.
2022-07-28 18:18:47.775 [main] INFO  Team3.JavaMiniProject.ACMEappMain - Initialize tables executed as expected.
2022-07-28 18:18:47.775 [main] INFO  Team3.JavaMiniProject.ACMEappMain - Starting database, checking if tables will be created.
2022-07-28 18:18:47.775 [main] INFO  Team3.JavaMiniProject.ACMEappMain - Delete tables executed as expected.
2022-07-28 18:18:47.775 [main] INFO  Team3.JavaMiniProject.ACMEappMain - Delete tables executed as expected.
2022-07-28 18:18:47.775 [main] INFO  Team3.JavaMiniProject.ACMEappMain - Delete tables executed as expected.
2022-07-28 18:18:47.776 [main] INFO  Team3.JavaMiniProject.ACMEappMain - Delete tables executed as expected.
2022-07-28 18:18:47.776 [main] INFO  Team3.JavaMiniProject.ACMEappMain - Initialize tables executed as expected.
2022-07-28 18:18:47.776 [main] INFO  Team3.JavaMiniProject.ACMEappMain - Initialize tables executed as expected.
2022-07-28 18:18:47.776 [main] INFO  Team3.JavaMiniProject.ACMEappMain - Initialize tables executed as expected.
2022-07-28 18:18:47.776 [main] INFO  Team3.JavaMiniProject.ACMEappMain - Initialize tables executed as expected.
2022-07-28 18:20:02.332 [main] INFO  Team3.JavaMiniProject.ACMEappMain - Starting database, checking if tables will be created.
2022-07-28 18:21:24.345 [main] INFO  Team3.JavaMiniProject.ACMEappMain - Starting database, checking if tables will be created.
2022-07-28 18:21:24.839 [main] INFO  Team3.JavaMiniProject.ACMEappMain - Delete tables executed as expected.
2022-07-28 18:21:24.845 [main] INFO  Team3.JavaMiniProject.ACMEappMain - Delete tables executed as expected.
2022-07-28 18:21:24.846 [main] INFO  Team3.JavaMiniProject.ACMEappMain - Delete tables executed as expected.
2022-07-28 18:21:24.846 [main] INFO  Team3.JavaMiniProject.ACMEappMain - Delete tables executed as expected.
2022-07-28 18:21:24.847 [main] INFO  Team3.JavaMiniProject.ACMEappMain - Initialize tables executed as expected.
2022-07-28 18:21:24.847 [main] INFO  Team3.JavaMiniProject.ACMEappMain - Initialize tables executed as expected.
2022-07-28 18:21:24.847 [main] INFO  Team3.JavaMiniProject.ACMEappMain - Initialize tables executed as expected.
2022-07-28 18:21:24.847 [main] INFO  Team3.JavaMiniProject.ACMEappMain - Initialize tables executed as expected.
2022-07-28 18:21:24.848 [main] INFO  Team3.JavaMiniProject.ACMEappMain - Starting database, checking if tables will be created.
2022-07-28 18:21:24.848 [main] INFO  Team3.JavaMiniProject.ACMEappMain - Delete tables executed as expected.
2022-07-28 18:21:24.848 [main] INFO  Team3.JavaMiniProject.ACMEappMain - Delete tables executed as expected.
2022-07-28 18:21:24.848 [main] INFO  Team3.JavaMiniProject.ACMEappMain - Delete tables executed as expected.
2022-07-28 18:21:24.848 [main] INFO  Team3.JavaMiniProject.ACMEappMain - Delete tables executed as expected.
2022-07-28 18:21:24.848 [main] INFO  Team3.JavaMiniProject.ACMEappMain - Initialize tables executed as expected.
2022-07-28 18:21:24.848 [main] INFO  Team3.JavaMiniProject.ACMEappMain - Initialize tables executed as expected.
2022-07-28 18:21:24.849 [main] INFO  Team3.JavaMiniProject.ACMEappMain - Initialize tables executed as expected.
2022-07-28 18:21:24.849 [main] INFO  Team3.JavaMiniProject.ACMEappMain - Initialize tables executed as expected.
2022-07-28 18:22:07.333 [main] INFO  Team3.JavaMiniProject.ACMEappMain - Starting database, checking if tables will be created.
2022-07-28 18:22:07.790 [main] INFO  Team3.JavaMiniProject.ACMEappMain - Delete tables executed as expected.
2022-07-28 18:22:07.796 [main] INFO  Team3.JavaMiniProject.ACMEappMain - Delete tables executed as expected.
2022-07-28 18:22:07.796 [main] INFO  Team3.JavaMiniProject.ACMEappMain - Delete tables executed as expected.
2022-07-28 18:22:07.796 [main] INFO  Team3.JavaMiniProject.ACMEappMain - Delete tables executed as expected.
2022-07-28 18:22:07.796 [main] INFO  Team3.JavaMiniProject.ACMEappMain - Initialize tables executed as expected.
2022-07-28 18:22:07.797 [main] INFO  Team3.JavaMiniProject.ACMEappMain - Initialize tables executed as expected.
2022-07-28 18:22:07.797 [main] INFO  Team3.JavaMiniProject.ACMEappMain - Initialize tables executed as expected.
2022-07-28 18:22:07.797 [main] INFO  Team3.JavaMiniProject.ACMEappMain - Initialize tables executed as expected.
2022-07-28 18:22:07.797 [main] INFO  Team3.JavaMiniProject.ACMEappMain - Starting database, checking if tables will be created.
2022-07-28 18:22:07.797 [main] INFO  Team3.JavaMiniProject.ACMEappMain - Delete tables executed as expected.
2022-07-28 18:22:07.797 [main] INFO  Team3.JavaMiniProject.ACMEappMain - Delete tables executed as expected.
2022-07-28 18:22:07.797 [main] INFO  Team3.JavaMiniProject.ACMEappMain - Delete tables executed as expected.
2022-07-28 18:22:07.798 [main] INFO  Team3.JavaMiniProject.ACMEappMain - Delete tables executed as expected.
2022-07-28 18:22:07.798 [main] INFO  Team3.JavaMiniProject.ACMEappMain - Initialize tables executed as expected.
2022-07-28 18:22:07.798 [main] INFO  Team3.JavaMiniProject.ACMEappMain - Initialize tables executed as expected.
2022-07-28 18:22:07.798 [main] INFO  Team3.JavaMiniProject.ACMEappMain - Initialize tables executed as expected.
2022-07-28 18:22:07.798 [main] INFO  Team3.JavaMiniProject.ACMEappMain - Initialize tables executed as expected.
2022-07-28 18:27:38.839 [main] INFO  Team3.JavaMiniProject.ACMEappMain - Starting database, checking if tables will be created.
2022-07-28 18:28:54.494 [main] INFO  Team3.JavaMiniProject.ACMEappMain - Starting database, checking if tables will be created.
2022-07-28 18:28:55.111 [main] INFO  Team3.JavaMiniProject.ACMEappMain - Delete tables executed as expected.
2022-07-28 18:28:55.118 [main] INFO  Team3.JavaMiniProject.ACMEappMain - Delete tables executed as expected.
2022-07-28 18:28:55.118 [main] INFO  Team3.JavaMiniProject.ACMEappMain - Delete tables executed as expected.
2022-07-28 18:28:55.119 [main] INFO  Team3.JavaMiniProject.ACMEappMain - Delete tables executed as expected.
2022-07-28 18:28:55.120 [main] INFO  Team3.JavaMiniProject.ACMEappMain - Initialize tables executed as expected.
2022-07-28 18:28:55.120 [main] INFO  Team3.JavaMiniProject.ACMEappMain - Initialize tables executed as expected.
2022-07-28 18:28:55.121 [main] INFO  Team3.JavaMiniProject.ACMEappMain - Initialize tables executed as expected.
2022-07-28 18:28:55.121 [main] INFO  Team3.JavaMiniProject.ACMEappMain - Initialize tables executed as expected.
2022-07-28 18:32:48.778 [main] INFO  Team3.JavaMiniProject.ACMEappMain - Starting database, checking if tables will be created.
2022-07-28 18:32:49.263 [main] INFO  Team3.JavaMiniProject.ACMEappMain - Delete tables executed as expected.
2022-07-28 18:32:49.269 [main] INFO  Team3.JavaMiniProject.ACMEappMain - Delete tables executed as expected.
2022-07-28 18:32:49.270 [main] INFO  Team3.JavaMiniProject.ACMEappMain - Delete tables executed as expected.
2022-07-28 18:32:49.270 [main] INFO  Team3.JavaMiniProject.ACMEappMain - Delete tables executed as expected.
2022-07-28 18:32:49.271 [main] INFO  Team3.JavaMiniProject.ACMEappMain - Initialize tables executed as expected.
2022-07-28 18:32:49.271 [main] INFO  Team3.JavaMiniProject.ACMEappMain - Initialize tables executed as expected.
2022-07-28 18:32:49.271 [main] INFO  Team3.JavaMiniProject.ACMEappMain - Initialize tables executed as expected.
2022-07-28 18:32:49.272 [main] INFO  Team3.JavaMiniProject.ACMEappMain - Initialize tables executed as expected.
2022-07-28 18:36:30.586 [main] INFO  Team3.JavaMiniProject.ACMEappMain - Starting database, checking if tables will be created.
2022-07-28 18:36:30.609 [main] DEBUG com.zaxxer.hikari.HikariConfig - HikariPool-1 - configuration:
2022-07-28 18:36:30.618 [main] DEBUG com.zaxxer.hikari.HikariConfig - allowPoolSuspension.............false
2022-07-28 18:36:30.619 [main] DEBUG com.zaxxer.hikari.HikariConfig - autoCommit......................true
2022-07-28 18:36:30.619 [main] DEBUG com.zaxxer.hikari.HikariConfig - catalog.........................none
2022-07-28 18:36:30.619 [main] DEBUG com.zaxxer.hikari.HikariConfig - connectionInitSql...............none
2022-07-28 18:36:30.620 [main] DEBUG com.zaxxer.hikari.HikariConfig - connectionTestQuery.............none
2022-07-28 18:36:30.620 [main] DEBUG com.zaxxer.hikari.HikariConfig - connectionTimeout...............10000
2022-07-28 18:36:30.620 [main] DEBUG com.zaxxer.hikari.HikariConfig - dataSource......................none
2022-07-28 18:36:30.620 [main] DEBUG com.zaxxer.hikari.HikariConfig - dataSourceClassName.............none
2022-07-28 18:36:30.621 [main] DEBUG com.zaxxer.hikari.HikariConfig - dataSourceJNDI..................none
2022-07-28 18:36:30.622 [main] DEBUG com.zaxxer.hikari.HikariConfig - dataSourceProperties............{password=<masked>, prepStmtCacheSqlLimit=2048, cachePrepStmts=true, prepStmtCacheSize=250}
2022-07-28 18:36:30.622 [main] DEBUG com.zaxxer.hikari.HikariConfig - driverClassName.................none
2022-07-28 18:36:30.622 [main] DEBUG com.zaxxer.hikari.HikariConfig - exceptionOverrideClassName......none
2022-07-28 18:36:30.622 [main] DEBUG com.zaxxer.hikari.HikariConfig - healthCheckProperties...........{}
2022-07-28 18:36:30.623 [main] DEBUG com.zaxxer.hikari.HikariConfig - healthCheckRegistry.............none
2022-07-28 18:36:30.623 [main] DEBUG com.zaxxer.hikari.HikariConfig - idleTimeout.....................600000
2022-07-28 18:36:30.623 [main] DEBUG com.zaxxer.hikari.HikariConfig - initializationFailTimeout.......1
2022-07-28 18:36:30.623 [main] DEBUG com.zaxxer.hikari.HikariConfig - isolateInternalQueries..........false
2022-07-28 18:36:30.624 [main] DEBUG com.zaxxer.hikari.HikariConfig - jdbcUrl.........................jdbc:oracle:thin:@//localhost:1521/XEPDB1
2022-07-28 18:36:30.624 [main] DEBUG com.zaxxer.hikari.HikariConfig - keepaliveTime...................0
2022-07-28 18:36:30.625 [main] DEBUG com.zaxxer.hikari.HikariConfig - leakDetectionThreshold..........0
2022-07-28 18:36:30.625 [main] DEBUG com.zaxxer.hikari.HikariConfig - maxLifetime.....................1800000
2022-07-28 18:36:30.625 [main] DEBUG com.zaxxer.hikari.HikariConfig - maximumPoolSize.................10
2022-07-28 18:36:30.626 [main] DEBUG com.zaxxer.hikari.HikariConfig - metricRegistry..................none
2022-07-28 18:36:30.626 [main] DEBUG com.zaxxer.hikari.HikariConfig - metricsTrackerFactory...........none
2022-07-28 18:36:30.626 [main] DEBUG com.zaxxer.hikari.HikariConfig - minimumIdle.....................10
2022-07-28 18:36:30.626 [main] DEBUG com.zaxxer.hikari.HikariConfig - password........................<masked>
2022-07-28 18:36:30.627 [main] DEBUG com.zaxxer.hikari.HikariConfig - poolName........................"HikariPool-1"
2022-07-28 18:36:30.627 [main] DEBUG com.zaxxer.hikari.HikariConfig - readOnly........................false
2022-07-28 18:36:30.627 [main] DEBUG com.zaxxer.hikari.HikariConfig - registerMbeans..................false
2022-07-28 18:36:30.628 [main] DEBUG com.zaxxer.hikari.HikariConfig - scheduledExecutor...............none
2022-07-28 18:36:30.628 [main] DEBUG com.zaxxer.hikari.HikariConfig - schema..........................none
2022-07-28 18:36:30.628 [main] DEBUG com.zaxxer.hikari.HikariConfig - threadFactory...................internal
2022-07-28 18:36:30.628 [main] DEBUG com.zaxxer.hikari.HikariConfig - transactionIsolation............default
2022-07-28 18:36:30.628 [main] DEBUG com.zaxxer.hikari.HikariConfig - username........................"sa"
2022-07-28 18:36:30.629 [main] DEBUG com.zaxxer.hikari.HikariConfig - validationTimeout...............5000
2022-07-28 18:36:30.631 [main] INFO  com.zaxxer.hikari.HikariDataSource - HikariPool-1 - Starting...
2022-07-28 18:36:30.712 [main] DEBUG com.zaxxer.hikari.util.DriverDataSource - Loaded driver with class name oracle.jdbc.OracleDriver for jdbcUrl=jdbc:oracle:thin:@//localhost:1521/XEPDB1
2022-07-28 18:36:31.173 [main] INFO  com.zaxxer.hikari.pool.HikariPool - HikariPool-1 - Added connection oracle.jdbc.driver.T4CConnection@4241e0f4
2022-07-28 18:36:31.175 [main] INFO  com.zaxxer.hikari.HikariDataSource - HikariPool-1 - Start completed.
2022-07-28 18:36:31.246 [main] INFO  Team3.JavaMiniProject.ACMEappMain - Delete tables executed as expected.
2022-07-28 18:36:31.256 [main] INFO  Team3.JavaMiniProject.ACMEappMain - Delete tables executed as expected.
2022-07-28 18:36:31.256 [main] INFO  Team3.JavaMiniProject.ACMEappMain - Delete tables executed as expected.
2022-07-28 18:36:31.257 [main] INFO  Team3.JavaMiniProject.ACMEappMain - Delete tables executed as expected.
2022-07-28 18:36:31.257 [main] INFO  Team3.JavaMiniProject.ACMEappMain - Initialize tables executed as expected.
2022-07-28 18:36:31.258 [main] INFO  Team3.JavaMiniProject.ACMEappMain - Initialize tables executed as expected.
2022-07-28 18:36:31.258 [main] INFO  Team3.JavaMiniProject.ACMEappMain - Initialize tables executed as expected.
2022-07-28 18:36:31.258 [main] INFO  Team3.JavaMiniProject.ACMEappMain - Initialize tables executed as expected.
2022-07-28 18:39:29.051 [main] INFO  Team3.JavaMiniProject.ACMEappMain - Starting database, checking if tables will be created.
2022-07-28 18:39:29.071 [main] DEBUG com.zaxxer.hikari.HikariConfig - HikariPool-1 - configuration:
2022-07-28 18:39:29.077 [main] DEBUG com.zaxxer.hikari.HikariConfig - allowPoolSuspension.............false
2022-07-28 18:39:29.077 [main] DEBUG com.zaxxer.hikari.HikariConfig - autoCommit......................true
2022-07-28 18:39:29.077 [main] DEBUG com.zaxxer.hikari.HikariConfig - catalog.........................none
2022-07-28 18:39:29.078 [main] DEBUG com.zaxxer.hikari.HikariConfig - connectionInitSql...............none
2022-07-28 18:39:29.078 [main] DEBUG com.zaxxer.hikari.HikariConfig - connectionTestQuery.............none
2022-07-28 18:39:29.078 [main] DEBUG com.zaxxer.hikari.HikariConfig - connectionTimeout...............10000
2022-07-28 18:39:29.078 [main] DEBUG com.zaxxer.hikari.HikariConfig - dataSource......................none
2022-07-28 18:39:29.078 [main] DEBUG com.zaxxer.hikari.HikariConfig - dataSourceClassName.............none
2022-07-28 18:39:29.079 [main] DEBUG com.zaxxer.hikari.HikariConfig - dataSourceJNDI..................none
2022-07-28 18:39:29.080 [main] DEBUG com.zaxxer.hikari.HikariConfig - dataSourceProperties............{password=<masked>, prepStmtCacheSqlLimit=2048, cachePrepStmts=true, prepStmtCacheSize=250}
2022-07-28 18:39:29.080 [main] DEBUG com.zaxxer.hikari.HikariConfig - driverClassName.................none
2022-07-28 18:39:29.080 [main] DEBUG com.zaxxer.hikari.HikariConfig - exceptionOverrideClassName......none
2022-07-28 18:39:29.080 [main] DEBUG com.zaxxer.hikari.HikariConfig - healthCheckProperties...........{}
2022-07-28 18:39:29.080 [main] DEBUG com.zaxxer.hikari.HikariConfig - healthCheckRegistry.............none
2022-07-28 18:39:29.080 [main] DEBUG com.zaxxer.hikari.HikariConfig - idleTimeout.....................600000
2022-07-28 18:39:29.081 [main] DEBUG com.zaxxer.hikari.HikariConfig - initializationFailTimeout.......1
2022-07-28 18:39:29.081 [main] DEBUG com.zaxxer.hikari.HikariConfig - isolateInternalQueries..........false
2022-07-28 18:39:29.081 [main] DEBUG com.zaxxer.hikari.HikariConfig - jdbcUrl.........................jdbc:oracle:thin:@//localhost:1521/XEPDB1
2022-07-28 18:39:29.082 [main] DEBUG com.zaxxer.hikari.HikariConfig - keepaliveTime...................0
2022-07-28 18:39:29.082 [main] DEBUG com.zaxxer.hikari.HikariConfig - leakDetectionThreshold..........0
2022-07-28 18:39:29.082 [main] DEBUG com.zaxxer.hikari.HikariConfig - maxLifetime.....................1800000
2022-07-28 18:39:29.082 [main] DEBUG com.zaxxer.hikari.HikariConfig - maximumPoolSize.................10
2022-07-28 18:39:29.082 [main] DEBUG com.zaxxer.hikari.HikariConfig - metricRegistry..................none
2022-07-28 18:39:29.082 [main] DEBUG com.zaxxer.hikari.HikariConfig - metricsTrackerFactory...........none
2022-07-28 18:39:29.083 [main] DEBUG com.zaxxer.hikari.HikariConfig - minimumIdle.....................10
2022-07-28 18:39:29.083 [main] DEBUG com.zaxxer.hikari.HikariConfig - password........................<masked>
2022-07-28 18:39:29.083 [main] DEBUG com.zaxxer.hikari.HikariConfig - poolName........................"HikariPool-1"
2022-07-28 18:39:29.083 [main] DEBUG com.zaxxer.hikari.HikariConfig - readOnly........................false
2022-07-28 18:39:29.084 [main] DEBUG com.zaxxer.hikari.HikariConfig - registerMbeans..................false
2022-07-28 18:39:29.084 [main] DEBUG com.zaxxer.hikari.HikariConfig - scheduledExecutor...............none
2022-07-28 18:39:29.084 [main] DEBUG com.zaxxer.hikari.HikariConfig - schema..........................none
2022-07-28 18:39:29.084 [main] DEBUG com.zaxxer.hikari.HikariConfig - threadFactory...................internal
2022-07-28 18:39:29.084 [main] DEBUG com.zaxxer.hikari.HikariConfig - transactionIsolation............default
2022-07-28 18:39:29.084 [main] DEBUG com.zaxxer.hikari.HikariConfig - username........................"sa"
2022-07-28 18:39:29.085 [main] DEBUG com.zaxxer.hikari.HikariConfig - validationTimeout...............5000
2022-07-28 18:39:29.086 [main] INFO  com.zaxxer.hikari.HikariDataSource - HikariPool-1 - Starting...
2022-07-28 18:39:29.136 [main] DEBUG com.zaxxer.hikari.util.DriverDataSource - Loaded driver with class name oracle.jdbc.OracleDriver for jdbcUrl=jdbc:oracle:thin:@//localhost:1521/XEPDB1
2022-07-28 18:39:29.553 [main] INFO  com.zaxxer.hikari.pool.HikariPool - HikariPool-1 - Added connection oracle.jdbc.driver.T4CConnection@4241e0f4
2022-07-28 18:39:29.556 [main] INFO  com.zaxxer.hikari.HikariDataSource - HikariPool-1 - Start completed.
2022-07-28 18:39:29.617 [main] INFO  Team3.JavaMiniProject.ACMEappMain - Delete tables executed as expected.
2022-07-28 18:39:29.624 [main] INFO  Team3.JavaMiniProject.ACMEappMain - Delete tables executed as expected.
2022-07-28 18:39:29.624 [main] INFO  Team3.JavaMiniProject.ACMEappMain - Delete tables executed as expected.
2022-07-28 18:39:29.624 [main] INFO  Team3.JavaMiniProject.ACMEappMain - Delete tables executed as expected.
2022-07-28 18:39:29.625 [main] INFO  Team3.JavaMiniProject.ACMEappMain - Initialize tables executed as expected.
2022-07-28 18:39:29.625 [main] INFO  Team3.JavaMiniProject.ACMEappMain - Initialize tables executed as expected.
2022-07-28 18:39:29.626 [main] INFO  Team3.JavaMiniProject.ACMEappMain - Initialize tables executed as expected.
2022-07-28 18:39:29.626 [main] INFO  Team3.JavaMiniProject.ACMEappMain - Initialize tables executed as expected.
2022-07-28 18:40:39.852 [main] INFO  Team3.JavaMiniProject.ACMEappMain - Starting database, checking if tables will be created.
2022-07-28 18:40:39.869 [main] DEBUG com.zaxxer.hikari.HikariConfig - HikariPool-1 - configuration:
2022-07-28 18:40:39.874 [main] DEBUG com.zaxxer.hikari.HikariConfig - allowPoolSuspension.............false
2022-07-28 18:40:39.875 [main] DEBUG com.zaxxer.hikari.HikariConfig - autoCommit......................true
2022-07-28 18:40:39.875 [main] DEBUG com.zaxxer.hikari.HikariConfig - catalog.........................none
2022-07-28 18:40:39.875 [main] DEBUG com.zaxxer.hikari.HikariConfig - connectionInitSql...............none
2022-07-28 18:40:39.876 [main] DEBUG com.zaxxer.hikari.HikariConfig - connectionTestQuery.............none
2022-07-28 18:40:39.876 [main] DEBUG com.zaxxer.hikari.HikariConfig - connectionTimeout...............10000
2022-07-28 18:40:39.876 [main] DEBUG com.zaxxer.hikari.HikariConfig - dataSource......................none
2022-07-28 18:40:39.876 [main] DEBUG com.zaxxer.hikari.HikariConfig - dataSourceClassName.............none
2022-07-28 18:40:39.876 [main] DEBUG com.zaxxer.hikari.HikariConfig - dataSourceJNDI..................none
2022-07-28 18:40:39.877 [main] DEBUG com.zaxxer.hikari.HikariConfig - dataSourceProperties............{password=<masked>, prepStmtCacheSqlLimit=2048, cachePrepStmts=true, prepStmtCacheSize=250}
2022-07-28 18:40:39.878 [main] DEBUG com.zaxxer.hikari.HikariConfig - driverClassName.................none
2022-07-28 18:40:39.878 [main] DEBUG com.zaxxer.hikari.HikariConfig - exceptionOverrideClassName......none
2022-07-28 18:40:39.878 [main] DEBUG com.zaxxer.hikari.HikariConfig - healthCheckProperties...........{}
2022-07-28 18:40:39.878 [main] DEBUG com.zaxxer.hikari.HikariConfig - healthCheckRegistry.............none
2022-07-28 18:40:39.878 [main] DEBUG com.zaxxer.hikari.HikariConfig - idleTimeout.....................600000
2022-07-28 18:40:39.879 [main] DEBUG com.zaxxer.hikari.HikariConfig - initializationFailTimeout.......1
2022-07-28 18:40:39.879 [main] DEBUG com.zaxxer.hikari.HikariConfig - isolateInternalQueries..........false
2022-07-28 18:40:39.879 [main] DEBUG com.zaxxer.hikari.HikariConfig - jdbcUrl.........................jdbc:oracle:thin:@//localhost:1521/XEPDB1
2022-07-28 18:40:39.880 [main] DEBUG com.zaxxer.hikari.HikariConfig - keepaliveTime...................0
2022-07-28 18:40:39.880 [main] DEBUG com.zaxxer.hikari.HikariConfig - leakDetectionThreshold..........0
2022-07-28 18:40:39.880 [main] DEBUG com.zaxxer.hikari.HikariConfig - maxLifetime.....................1800000
2022-07-28 18:40:39.880 [main] DEBUG com.zaxxer.hikari.HikariConfig - maximumPoolSize.................10
2022-07-28 18:40:39.880 [main] DEBUG com.zaxxer.hikari.HikariConfig - metricRegistry..................none
2022-07-28 18:40:39.880 [main] DEBUG com.zaxxer.hikari.HikariConfig - metricsTrackerFactory...........none
2022-07-28 18:40:39.881 [main] DEBUG com.zaxxer.hikari.HikariConfig - minimumIdle.....................10
2022-07-28 18:40:39.881 [main] DEBUG com.zaxxer.hikari.HikariConfig - password........................<masked>
2022-07-28 18:40:39.881 [main] DEBUG com.zaxxer.hikari.HikariConfig - poolName........................"HikariPool-1"
2022-07-28 18:40:39.881 [main] DEBUG com.zaxxer.hikari.HikariConfig - readOnly........................false
2022-07-28 18:40:39.882 [main] DEBUG com.zaxxer.hikari.HikariConfig - registerMbeans..................false
2022-07-28 18:40:39.882 [main] DEBUG com.zaxxer.hikari.HikariConfig - scheduledExecutor...............none
2022-07-28 18:40:39.882 [main] DEBUG com.zaxxer.hikari.HikariConfig - schema..........................none
2022-07-28 18:40:39.882 [main] DEBUG com.zaxxer.hikari.HikariConfig - threadFactory...................internal
2022-07-28 18:40:39.883 [main] DEBUG com.zaxxer.hikari.HikariConfig - transactionIsolation............default
2022-07-28 18:40:39.883 [main] DEBUG com.zaxxer.hikari.HikariConfig - username........................"sa"
2022-07-28 18:40:39.883 [main] DEBUG com.zaxxer.hikari.HikariConfig - validationTimeout...............5000
2022-07-28 18:40:39.884 [main] INFO  com.zaxxer.hikari.HikariDataSource - HikariPool-1 - Starting...
2022-07-28 18:40:39.939 [main] DEBUG com.zaxxer.hikari.util.DriverDataSource - Loaded driver with class name oracle.jdbc.OracleDriver for jdbcUrl=jdbc:oracle:thin:@//localhost:1521/XEPDB1
2022-07-28 18:40:40.344 [main] INFO  com.zaxxer.hikari.pool.HikariPool - HikariPool-1 - Added connection oracle.jdbc.driver.T4CConnection@4241e0f4
2022-07-28 18:40:40.346 [main] INFO  com.zaxxer.hikari.HikariDataSource - HikariPool-1 - Start completed.
2022-07-28 18:40:40.401 [main] INFO  Team3.JavaMiniProject.ACMEappMain - Delete tables executed as expected.
2022-07-28 18:40:40.407 [main] INFO  Team3.JavaMiniProject.ACMEappMain - Delete tables executed as expected.
2022-07-28 18:40:40.407 [main] INFO  Team3.JavaMiniProject.ACMEappMain - Delete tables executed as expected.
2022-07-28 18:40:40.408 [main] INFO  Team3.JavaMiniProject.ACMEappMain - Delete tables executed as expected.
2022-07-28 18:40:40.408 [main] INFO  Team3.JavaMiniProject.ACMEappMain - Initialize tables executed as expected.
2022-07-28 18:40:40.408 [main] INFO  Team3.JavaMiniProject.ACMEappMain - Initialize tables executed as expected.
2022-07-28 18:40:40.409 [main] INFO  Team3.JavaMiniProject.ACMEappMain - Initialize tables executed as expected.
2022-07-28 18:40:40.409 [main] INFO  Team3.JavaMiniProject.ACMEappMain - Initialize tables executed as expected.
